2023-06-08 21:20:49 INFO  StatisticService:71 - Excel file export at 08-06-2023 21:20:49
2023-06-08 21:25:48 INFO  StatisticService:71 - Excel file export at 08-06-2023 21:25:48
2023-06-08 21:30:48 INFO  StatisticService:71 - Excel file export at 08-06-2023 21:30:48
2023-06-08 21:35:48 INFO  StatisticService:71 - Excel file export at 08-06-2023 21:35:48
2023-06-08 21:40:47 INFO  StatisticService:71 - Excel file export at 08-06-2023 21:40:47
2023-06-08 21:45:47 INFO  StatisticService:71 - Excel file export at 08-06-2023 21:45:47
2023-06-08 21:48:40 INFO  GlobalExceptionHandler:49 - org.springframework.web.HttpRequestMethodNotSupportedException: Request method 'GET' is not supported
2023-06-08 21:50:19 INFO  StatisticService:71 - Excel file export at 08-06-2023 21:50:19
2023-06-08 21:53:43 INFO  StatisticService:71 - Excel file export at 08-06-2023 21:53:43
2023-06-08 21:56:37 INFO  GlobalExceptionHandler:49 - org.springframework.web.bind.MissingServletRequestParameterException: Required request parameter 'id' for method parameter type Long is not present
2023-06-08 21:57:13 INFO  PostServiceImpl:61 - [Done]
2023-06-08 21:58:41 INFO  StatisticService:71 - Excel file export at 08-06-2023 21:58:41
2023-06-08 22:00:12 INFO  GlobalExceptionHandler:49 - org.springframework.web.bind.MissingServletRequestParameterException: Required request parameter 'post_id' for method parameter type Long is not present
2023-06-08 22:01:18 INFO  StatisticService:71 - Excel file export at 08-06-2023 22:01:18
2023-06-08 22:06:17 INFO  StatisticService:71 - Excel file export at 08-06-2023 22:06:17
2023-06-09 09:01:41 INFO  StatisticService:71 - Excel file export at 09-06-2023 09:01:41
2023-06-09 09:04:09 INFO  GlobalExceptionHandler:49 - org.springframework.web.bind.MissingServletRequestParameterException: Required request parameter 'postId' for method parameter type Long is not present
2023-06-09 09:04:16 INFO  GlobalExceptionHandler:49 - org.springframework.web.bind.MissingServletRequestParameterException: Required request parameter 'postId' for method parameter type Long is not present
2023-06-09 09:06:40 INFO  StatisticService:71 - Excel file export at 09-06-2023 09:06:40
2023-06-09 09:09:24 INFO  StatisticService:71 - Excel file export at 09-06-2023 09:09:24
2023-06-09 09:14:23 INFO  StatisticService:71 - Excel file export at 09-06-2023 09:14:23
2023-06-09 09:19:23 INFO  StatisticService:71 - Excel file export at 09-06-2023 09:19:23
2023-06-09 09:24:23 INFO  StatisticService:71 - Excel file export at 09-06-2023 09:24:23
2023-06-09 09:29:23 INFO  StatisticService:71 - Excel file export at 09-06-2023 09:29:23
2023-06-09 09:34:23 INFO  StatisticService:71 - Excel file export at 09-06-2023 09:34:23
2023-06-09 09:36:57 INFO  StatisticService:71 - Excel file export at 09-06-2023 09:36:57
2023-06-09 09:40:32 INFO  PostServiceImpl:61 - [Done]
2023-06-09 09:41:56 INFO  StatisticService:71 - Excel file export at 09-06-2023 09:41:56
2023-06-09 09:43:16 INFO  GlobalExceptionHandler:49 - java.lang.NullPointerException: Cannot invoke "java.util.List.size()" because "list" is null
2023-06-09 09:46:56 INFO  StatisticService:71 - Excel file export at 09-06-2023 09:46:56
2023-06-09 09:49:38 INFO  StatisticService:71 - Excel file export at 09-06-2023 09:49:38
2023-06-09 09:50:29 INFO  PostServiceImpl:61 - [Done]
2023-06-09 09:51:50 INFO  GlobalExceptionHandler:49 - java.lang.NullPointerException: Cannot invoke "java.util.List.size()" because "list" is null
2023-06-09 09:53:11 INFO  GlobalExceptionHandler:49 - java.lang.NullPointerException: Cannot invoke "java.util.List.size()" because "list" is null
2023-06-09 09:54:37 INFO  StatisticService:71 - Excel file export at 09-06-2023 09:54:37
2023-06-09 09:56:10 INFO  StatisticService:71 - Excel file export at 09-06-2023 09:56:10
2023-06-09 09:58:03 INFO  StatisticService:71 - Excel file export at 09-06-2023 09:58:03
2023-06-09 10:01:18 INFO  StatisticService:71 - Excel file export at 09-06-2023 10:01:18
2023-06-09 10:01:33 INFO  GlobalExceptionHandler:49 - java.lang.NullPointerException: Cannot invoke "java.util.List.iterator()" because the return value of "com.example.postservice.dto.PostDTO.getPostReactions()" is null
2023-06-09 10:01:37 INFO  GlobalExceptionHandler:49 - java.lang.NullPointerException: Cannot invoke "java.util.List.iterator()" because the return value of "com.example.postservice.dto.PostDTO.getPostReactions()" is null
2023-06-09 10:06:28 INFO  GlobalExceptionHandler:49 - java.lang.NullPointerException: Cannot invoke "java.util.List.iterator()" because the return value of "com.example.postservice.dto.PostDTO.getPostReactions()" is null
2023-06-09 10:06:28 INFO  StatisticService:71 - Excel file export at 09-06-2023 10:06:28
2023-06-09 10:07:59 INFO  GlobalExceptionHandler:49 - java.lang.NullPointerException: Cannot invoke "java.util.List.iterator()" because the return value of "com.example.postservice.dto.PostDTO.getPostReactions()" is null
2023-06-09 10:08:54 INFO  StatisticService:71 - Excel file export at 09-06-2023 10:08:54
2023-06-09 10:10:41 INFO  StatisticService:71 - Excel file export at 09-06-2023 10:10:41
2023-06-09 10:10:49 INFO  GlobalExceptionHandler:49 - org.springframework.web.HttpMediaTypeNotSupportedException: Content-Type 'multipart/form-data;boundary=--------------------------756652691994907071201335;charset=UTF-8' is not supported
2023-06-09 10:11:00 INFO  GlobalExceptionHandler:49 - org.springframework.web.HttpMediaTypeNotSupportedException: Content-Type 'multipart/form-data;boundary=--------------------------720135481412201119535995;charset=UTF-8' is not supported
2023-06-09 10:13:32 INFO  StatisticService:71 - Excel file export at 09-06-2023 10:13:32
2023-06-09 10:13:46 INFO  GlobalExceptionHandler:49 - org.springframework.web.HttpMediaTypeNotSupportedException: Content-Type 'multipart/form-data;boundary=--------------------------344309147725365900113801;charset=UTF-8' is not supported
2023-06-09 10:15:37 INFO  StatisticService:71 - Excel file export at 09-06-2023 10:15:37
2023-06-09 10:15:41 INFO  GlobalExceptionHandler:49 - org.springframework.web.HttpMediaTypeNotSupportedException: Content-Type 'multipart/form-data;boundary=--------------------------535506634589465098513190;charset=UTF-8' is not supported
2023-06-09 10:20:36 INFO  StatisticService:71 - Excel file export at 09-06-2023 10:20:36
2023-06-09 10:20:44 INFO  PostServiceImpl:61 - [Done]
2023-06-09 10:25:36 INFO  StatisticService:71 - Excel file export at 09-06-2023 10:25:36
2023-06-09 10:30:29 INFO  PostServiceImpl:61 - [Done]
2023-06-09 10:30:36 INFO  StatisticService:71 - Excel file export at 09-06-2023 10:30:36
2023-06-09 10:31:55 INFO  StatisticService:71 - Excel file export at 09-06-2023 10:31:55
2023-06-09 10:36:54 INFO  StatisticService:71 - Excel file export at 09-06-2023 10:36:54
2023-06-09 10:41:54 INFO  StatisticService:71 - Excel file export at 09-06-2023 10:41:54
2023-06-09 10:46:54 INFO  StatisticService:71 - Excel file export at 09-06-2023 10:46:54
2023-06-09 10:51:54 INFO  StatisticService:71 - Excel file export at 09-06-2023 10:51:54
2023-06-09 10:55:03 INFO  StatisticService:71 - Excel file export at 09-06-2023 10:55:03
2023-06-09 11:00:02 INFO  StatisticService:71 - Excel file export at 09-06-2023 11:00:02
2023-06-09 11:05:02 INFO  StatisticService:71 - Excel file export at 09-06-2023 11:05:02
2023-06-09 11:10:02 INFO  StatisticService:71 - Excel file export at 09-06-2023 11:10:02
2023-06-09 11:15:02 INFO  StatisticService:71 - Excel file export at 09-06-2023 11:15:02
2023-06-09 11:20:02 INFO  StatisticService:71 - Excel file export at 09-06-2023 11:20:02
2023-06-09 11:25:02 INFO  StatisticService:71 - Excel file export at 09-06-2023 11:25:02
2023-06-09 11:30:02 INFO  StatisticService:71 - Excel file export at 09-06-2023 11:30:02
2023-06-09 11:35:02 INFO  StatisticService:71 - Excel file export at 09-06-2023 11:35:02
2023-06-09 11:40:02 INFO  StatisticService:71 - Excel file export at 09-06-2023 11:40:02
2023-06-09 11:45:02 INFO  StatisticService:71 - Excel file export at 09-06-2023 11:45:02
2023-06-09 11:50:02 INFO  StatisticService:71 - Excel file export at 09-06-2023 11:50:02
2023-06-09 11:55:02 INFO  StatisticService:71 - Excel file export at 09-06-2023 11:55:02
2023-06-09 12:00:02 INFO  StatisticService:71 - Excel file export at 09-06-2023 12:00:02
2023-06-09 12:05:02 INFO  StatisticService:71 - Excel file export at 09-06-2023 12:05:02
2023-06-09 12:10:02 INFO  StatisticService:71 - Excel file export at 09-06-2023 12:10:02
2023-06-09 12:15:02 INFO  StatisticService:71 - Excel file export at 09-06-2023 12:15:02
2023-06-09 12:58:21 INFO  StatisticService:71 - Excel file export at 09-06-2023 12:58:21
2023-06-09 12:58:21 INFO  StatisticService:71 - Excel file export at 09-06-2023 12:58:21
2023-06-09 12:58:21 INFO  StatisticService:71 - Excel file export at 09-06-2023 12:58:21
2023-06-09 12:58:21 INFO  StatisticService:71 - Excel file export at 09-06-2023 12:58:21
2023-06-09 12:58:21 INFO  StatisticService:71 - Excel file export at 09-06-2023 12:58:21
2023-06-09 12:58:21 INFO  StatisticService:71 - Excel file export at 09-06-2023 12:58:21
2023-06-09 12:58:21 INFO  StatisticService:71 - Excel file export at 09-06-2023 12:58:21
2023-06-09 12:58:21 INFO  StatisticService:71 - Excel file export at 09-06-2023 12:58:21
2023-06-09 13:00:02 INFO  StatisticService:71 - Excel file export at 09-06-2023 13:00:02
2023-06-09 13:05:02 INFO  StatisticService:71 - Excel file export at 09-06-2023 13:05:02
2023-06-09 13:10:02 INFO  StatisticService:71 - Excel file export at 09-06-2023 13:10:02
2023-06-09 13:15:02 INFO  StatisticService:71 - Excel file export at 09-06-2023 13:15:02
2023-06-09 13:20:02 INFO  StatisticService:71 - Excel file export at 09-06-2023 13:20:02
2023-06-09 13:25:02 INFO  StatisticService:71 - Excel file export at 09-06-2023 13:25:02
2023-06-09 13:30:02 INFO  StatisticService:71 - Excel file export at 09-06-2023 13:30:02
2023-06-09 13:35:02 INFO  StatisticService:71 - Excel file export at 09-06-2023 13:35:02
2023-06-09 13:40:02 INFO  StatisticService:71 - Excel file export at 09-06-2023 13:40:02
2023-06-09 13:45:02 INFO  StatisticService:71 - Excel file export at 09-06-2023 13:45:02
2023-06-09 13:50:02 INFO  StatisticService:71 - Excel file export at 09-06-2023 13:50:02
2023-06-09 13:55:02 INFO  StatisticService:71 - Excel file export at 09-06-2023 13:55:02
2023-06-09 14:00:02 INFO  StatisticService:71 - Excel file export at 09-06-2023 14:00:02
2023-06-09 14:05:02 INFO  StatisticService:71 - Excel file export at 09-06-2023 14:05:02
2023-06-09 14:10:02 INFO  StatisticService:71 - Excel file export at 09-06-2023 14:10:02
2023-06-09 14:15:02 INFO  StatisticService:71 - Excel file export at 09-06-2023 14:15:02
2023-06-09 14:20:02 INFO  StatisticService:71 - Excel file export at 09-06-2023 14:20:02
2023-06-09 14:25:02 INFO  StatisticService:71 - Excel file export at 09-06-2023 14:25:02
2023-06-09 14:30:02 INFO  StatisticService:71 - Excel file export at 09-06-2023 14:30:02
2023-06-09 14:35:02 INFO  StatisticService:71 - Excel file export at 09-06-2023 14:35:02
2023-06-09 14:40:02 INFO  StatisticService:71 - Excel file export at 09-06-2023 14:40:02
2023-06-09 14:45:02 INFO  StatisticService:71 - Excel file export at 09-06-2023 14:45:02
2023-06-09 14:50:02 INFO  StatisticService:71 - Excel file export at 09-06-2023 14:50:02
2023-06-09 14:55:02 INFO  StatisticService:71 - Excel file export at 09-06-2023 14:55:02
2023-06-09 15:00:02 INFO  StatisticService:71 - Excel file export at 09-06-2023 15:00:02
2023-06-09 15:05:02 INFO  StatisticService:71 - Excel file export at 09-06-2023 15:05:02
2023-06-09 15:10:02 INFO  StatisticService:71 - Excel file export at 09-06-2023 15:10:02
2023-06-09 15:15:02 INFO  StatisticService:71 - Excel file export at 09-06-2023 15:15:02
2023-06-09 15:20:02 INFO  StatisticService:71 - Excel file export at 09-06-2023 15:20:02
2023-06-09 15:25:02 INFO  StatisticService:71 - Excel file export at 09-06-2023 15:25:02
2023-06-09 15:30:02 INFO  StatisticService:71 - Excel file export at 09-06-2023 15:30:02
2023-06-09 15:31:53 INFO  StatisticService:71 - Excel file export at 09-06-2023 15:31:53
2023-06-09 15:31:59 INFO  StatisticService:71 - Excel file export at 09-06-2023 15:31:59
2023-06-09 15:36:59 INFO  StatisticService:71 - Excel file export at 09-06-2023 15:36:59
2023-06-09 15:41:59 INFO  StatisticService:71 - Excel file export at 09-06-2023 15:41:59
2023-06-09 15:46:59 INFO  StatisticService:71 - Excel file export at 09-06-2023 15:46:59
2023-06-09 15:51:59 INFO  StatisticService:71 - Excel file export at 09-06-2023 15:51:59
2023-06-09 15:56:08 INFO  StatisticService:71 - Excel file export at 09-06-2023 15:56:08
2023-06-09 16:01:08 INFO  StatisticService:71 - Excel file export at 09-06-2023 16:01:08
2023-06-09 16:06:08 INFO  StatisticService:71 - Excel file export at 09-06-2023 16:06:08
2023-06-09 16:11:08 INFO  StatisticService:71 - Excel file export at 09-06-2023 16:11:08
2023-06-09 16:16:08 INFO  StatisticService:71 - Excel file export at 09-06-2023 16:16:08
2023-06-09 16:21:08 INFO  StatisticService:71 - Excel file export at 09-06-2023 16:21:08
2023-06-09 16:26:08 INFO  StatisticService:71 - Excel file export at 09-06-2023 16:26:08
2023-06-09 16:54:44 INFO  StatisticService:71 - Excel file export at 09-06-2023 16:54:44
2023-06-09 16:54:44 INFO  StatisticService:71 - Excel file export at 09-06-2023 16:54:44
2023-06-09 16:54:44 INFO  StatisticService:71 - Excel file export at 09-06-2023 16:54:44
2023-06-09 16:54:44 INFO  StatisticService:71 - Excel file export at 09-06-2023 16:54:44
2023-06-09 16:54:44 INFO  StatisticService:71 - Excel file export at 09-06-2023 16:54:44
2023-06-09 16:56:07 INFO  StatisticService:71 - Excel file export at 09-06-2023 16:56:07
2023-06-09 17:01:07 INFO  StatisticService:71 - Excel file export at 09-06-2023 17:01:07
2023-06-09 17:06:07 INFO  StatisticService:71 - Excel file export at 09-06-2023 17:06:07
2023-06-09 17:11:07 INFO  StatisticService:71 - Excel file export at 09-06-2023 17:11:07
2023-06-09 17:16:07 INFO  StatisticService:71 - Excel file export at 09-06-2023 17:16:07
2023-06-09 17:21:07 INFO  StatisticService:71 - Excel file export at 09-06-2023 17:21:07
2023-06-09 17:26:07 INFO  StatisticService:71 - Excel file export at 09-06-2023 17:26:07
