2023-05-10 11:36:47 INFO  AuthenticationInterceptor:16 - [preHandle][org.apache.catalina.connector.RequestFacade@1d8bd29d][GET]/swagger-ui/index.htmlorg.apache.catalina.util.ParameterMap@32e9cdba
2023-05-10 11:36:48 INFO  AuthenticationInterceptor:16 - [preHandle][org.apache.catalina.connector.RequestFacade@18764a30][GET]/swagger-ui/swagger-initializer.jsorg.apache.catalina.util.ParameterMap@16b1a74e
2023-05-10 11:36:48 INFO  AuthenticationInterceptor:16 - [preHandle][org.apache.catalina.connector.RequestFacade@519376b9][GET]/v3/api-docs/swagger-configorg.apache.catalina.util.ParameterMap@1e253b6a
2023-05-10 11:36:48 INFO  AuthenticationInterceptor:16 - [preHandle][org.apache.catalina.connector.RequestFacade@6db46347][GET]/v3/api-docsorg.apache.catalina.util.ParameterMap@63738081
2023-05-10 11:37:11 INFO  AuthenticationInterceptor:16 - [preHandle][org.apache.catalina.connector.RequestFacade@453db709][POST]/user/loginorg.apache.catalina.util.ParameterMap@4bfa51de
2023-05-10 14:51:32 INFO  AuthenticationInterceptor:16 - [preHandle][SecurityContextHolderAwareRequestWrapper[ org.springframework.security.web.header.HeaderWriterFilter$HeaderWriterRequest@53a1cd22]][GET]/userorg.apache.catalina.util.ParameterMap@734eb76c
2023-05-10 14:58:37 INFO  AuthenticationInterceptor:16 - [preHandle][SecurityContextHolderAwareRequestWrapper[ org.springframework.security.web.header.HeaderWriterFilter$HeaderWriterRequest@259eef5c]][GET]/user/helloorg.apache.catalina.util.ParameterMap@67d76c78
2023-05-10 15:03:13 INFO  AuthenticationInterceptor:16 - [preHandle][SecurityContextHolderAwareRequestWrapper[ org.springframework.security.web.header.HeaderWriterFilter$HeaderWriterRequest@5d00f582]][GET]/swagger-ui/index.htmlorg.apache.catalina.util.ParameterMap@388d88b8
2023-05-10 15:03:13 INFO  AuthenticationInterceptor:16 - [preHandle][SecurityContextHolderAwareRequestWrapper[ org.springframework.security.web.header.HeaderWriterFilter$HeaderWriterRequest@4419c31d]][GET]/swagger-ui/swagger-initializer.jsorg.apache.catalina.util.ParameterMap@4ade25ee
2023-05-10 15:03:13 INFO  AuthenticationInterceptor:16 - [preHandle][SecurityContextHolderAwareRequestWrapper[ org.springframework.security.web.header.HeaderWriterFilter$HeaderWriterRequest@175d3010]][GET]/swagger-ui/swagger-ui.cssorg.apache.catalina.util.ParameterMap@199acc8b
2023-05-10 15:03:13 INFO  AuthenticationInterceptor:16 - [preHandle][SecurityContextHolderAwareRequestWrapper[ org.springframework.security.web.header.HeaderWriterFilter$HeaderWriterRequest@1b0d6765]][GET]/swagger-ui/index.cssorg.apache.catalina.util.ParameterMap@15ca9a74
2023-05-10 15:03:13 INFO  AuthenticationInterceptor:16 - [preHandle][SecurityContextHolderAwareRequestWrapper[ org.springframework.security.web.header.HeaderWriterFilter$HeaderWriterRequest@1b3da2ac]][GET]/swagger-ui/swagger-ui-standalone-preset.jsorg.apache.catalina.util.ParameterMap@1f022513
2023-05-10 15:03:13 INFO  AuthenticationInterceptor:16 - [preHandle][SecurityContextHolderAwareRequestWrapper[ org.springframework.security.web.header.HeaderWriterFilter$HeaderWriterRequest@3c134e58]][GET]/swagger-ui/swagger-ui-bundle.jsorg.apache.catalina.util.ParameterMap@32d4a7aa
2023-05-10 15:03:13 INFO  AuthenticationInterceptor:16 - [preHandle][SecurityContextHolderAwareRequestWrapper[ org.springframework.security.web.header.HeaderWriterFilter$HeaderWriterRequest@403c99e7]][GET]/swagger-ui/favicon-32x32.pngorg.apache.catalina.util.ParameterMap@4efb6f90
2023-05-10 15:03:33 INFO  AuthenticationInterceptor:16 - [preHandle][SecurityContextHolderAwareRequestWrapper[ org.springframework.security.web.header.HeaderWriterFilter$HeaderWriterRequest@4cebb4b9]][GET]/swagger-ui/index.htmlorg.apache.catalina.util.ParameterMap@422c4354
2023-05-10 15:03:33 INFO  AuthenticationInterceptor:16 - [preHandle][SecurityContextHolderAwareRequestWrapper[ org.springframework.security.web.header.HeaderWriterFilter$HeaderWriterRequest@18df48d6]][GET]/swagger-ui/swagger-initializer.jsorg.apache.catalina.util.ParameterMap@1618b5bd
2023-05-10 15:03:59 INFO  AuthenticationInterceptor:16 - [preHandle][SecurityContextHolderAwareRequestWrapper[ org.springframework.security.web.header.HeaderWriterFilter$HeaderWriterRequest@aa19ae2]][GET]/swagger-ui/index.htmlorg.apache.catalina.util.ParameterMap@3b761d2
2023-05-10 15:03:59 INFO  AuthenticationInterceptor:16 - [preHandle][SecurityContextHolderAwareRequestWrapper[ org.springframework.security.web.header.HeaderWriterFilter$HeaderWriterRequest@6935decb]][GET]/swagger-ui/swagger-initializer.jsorg.apache.catalina.util.ParameterMap@5efcf6d6
2023-05-10 15:05:28 INFO  AuthenticationInterceptor:16 - [preHandle][SecurityContextHolderAwareRequestWrapper[ org.springframework.security.web.header.HeaderWriterFilter$HeaderWriterRequest@6f08047b]][GET]/swagger-ui/index.htmlorg.apache.catalina.util.ParameterMap@635ed344
2023-05-10 15:05:28 INFO  AuthenticationInterceptor:16 - [preHandle][SecurityContextHolderAwareRequestWrapper[ org.springframework.security.web.header.HeaderWriterFilter$HeaderWriterRequest@4154bafb]][GET]/swagger-ui/swagger-initializer.jsorg.apache.catalina.util.ParameterMap@4f935ca1
2023-05-10 15:05:28 INFO  AuthenticationInterceptor:16 - [preHandle][SecurityContextHolderAwareRequestWrapper[ org.springframework.security.web.header.HeaderWriterFilter$HeaderWriterRequest@61f99a51]][GET]/v3/api-docs/swagger-configorg.apache.catalina.util.ParameterMap@7a96c86b
2023-05-10 15:05:29 INFO  AuthenticationInterceptor:16 - [preHandle][SecurityContextHolderAwareRequestWrapper[ org.springframework.security.web.header.HeaderWriterFilter$HeaderWriterRequest@7cda24f7]][GET]/v3/api-docsorg.apache.catalina.util.ParameterMap@721dd51c
2023-05-10 15:06:31 INFO  AuthenticationInterceptor:16 - [preHandle][SecurityContextHolderAwareRequestWrapper[ org.springframework.security.web.header.HeaderWriterFilter$HeaderWriterRequest@2717e06d]][GET]/user/helloorg.apache.catalina.util.ParameterMap@29d01aff
2023-05-10 15:06:38 INFO  AuthenticationInterceptor:16 - [preHandle][SecurityContextHolderAwareRequestWrapper[ org.springframework.security.web.header.HeaderWriterFilter$HeaderWriterRequest@4a9af163]][GET]/swagger-ui/index.htmlorg.apache.catalina.util.ParameterMap@445d0640
2023-05-10 15:06:38 INFO  AuthenticationInterceptor:16 - [preHandle][SecurityContextHolderAwareRequestWrapper[ org.springframework.security.web.header.HeaderWriterFilter$HeaderWriterRequest@1bd91e02]][GET]/swagger-ui/swagger-initializer.jsorg.apache.catalina.util.ParameterMap@8f6589c
2023-05-10 15:06:38 INFO  AuthenticationInterceptor:16 - [preHandle][SecurityContextHolderAwareRequestWrapper[ org.springframework.security.web.header.HeaderWriterFilter$HeaderWriterRequest@6873d1e9]][GET]/v3/api-docs/swagger-configorg.apache.catalina.util.ParameterMap@7af39e17
2023-05-10 15:06:38 INFO  AuthenticationInterceptor:16 - [preHandle][SecurityContextHolderAwareRequestWrapper[ org.springframework.security.web.header.HeaderWriterFilter$HeaderWriterRequest@4d2a5400]][GET]/v3/api-docsorg.apache.catalina.util.ParameterMap@3343c222
2023-05-10 15:12:29 INFO  AuthenticationInterceptor:16 - [preHandle][SecurityContextHolderAwareRequestWrapper[ org.springframework.security.web.header.HeaderWriterFilter$HeaderWriterRequest@14cd1f94]][GET]/swagger-ui/index.htmlorg.apache.catalina.util.ParameterMap@464515c6
2023-05-10 15:12:29 INFO  AuthenticationInterceptor:16 - [preHandle][SecurityContextHolderAwareRequestWrapper[ org.springframework.security.web.header.HeaderWriterFilter$HeaderWriterRequest@218c9078]][GET]/swagger-ui/swagger-initializer.jsorg.apache.catalina.util.ParameterMap@2f4b7a39
2023-05-10 15:12:29 INFO  AuthenticationInterceptor:16 - [preHandle][SecurityContextHolderAwareRequestWrapper[ org.springframework.security.web.header.HeaderWriterFilter$HeaderWriterRequest@197055fd]][GET]/v3/api-docs/swagger-configorg.apache.catalina.util.ParameterMap@70d438d5
2023-05-10 15:12:29 INFO  AuthenticationInterceptor:16 - [preHandle][SecurityContextHolderAwareRequestWrapper[ org.springframework.security.web.header.HeaderWriterFilter$HeaderWriterRequest@608b5a47]][GET]/v3/api-docsorg.apache.catalina.util.ParameterMap@6e4cb826
2023-05-10 15:13:48 INFO  AuthenticationInterceptor:16 - [preHandle][SecurityContextHolderAwareRequestWrapper[ org.springframework.security.web.header.HeaderWriterFilter$HeaderWriterRequest@7eff266f]][POST]/user/registerorg.apache.catalina.util.ParameterMap@7038d7c0
2023-05-10 15:15:58 INFO  AuthenticationInterceptor:16 - [preHandle][SecurityContextHolderAwareRequestWrapper[ org.springframework.security.web.header.HeaderWriterFilter$HeaderWriterRequest@a60fff8]][GET]/swagger-ui/index.htmlorg.apache.catalina.util.ParameterMap@45f52558
2023-05-10 15:15:59 INFO  AuthenticationInterceptor:16 - [preHandle][SecurityContextHolderAwareRequestWrapper[ org.springframework.security.web.header.HeaderWriterFilter$HeaderWriterRequest@6768e0d5]][GET]/swagger-ui/swagger-initializer.jsorg.apache.catalina.util.ParameterMap@69af1248
2023-05-10 15:15:59 INFO  AuthenticationInterceptor:16 - [preHandle][SecurityContextHolderAwareRequestWrapper[ org.springframework.security.web.header.HeaderWriterFilter$HeaderWriterRequest@1e149bca]][GET]/v3/api-docs/swagger-configorg.apache.catalina.util.ParameterMap@6d1dfbb6
2023-05-10 15:15:59 INFO  AuthenticationInterceptor:16 - [preHandle][SecurityContextHolderAwareRequestWrapper[ org.springframework.security.web.header.HeaderWriterFilter$HeaderWriterRequest@2a2eff40]][GET]/v3/api-docsorg.apache.catalina.util.ParameterMap@24e90475
2023-05-10 15:16:48 INFO  AuthenticationInterceptor:16 - [preHandle][SecurityContextHolderAwareRequestWrapper[ org.springframework.security.web.header.HeaderWriterFilter$HeaderWriterRequest@68b59974]][POST]/user/registerorg.apache.catalina.util.ParameterMap@66726a12
2023-05-10 15:16:48 INFO  VerifyRegisterListener:29 - Click the link to verify your account: http://localhost:8080verifyRegistration?token=4d5747d1-397c-42ce-af04-fee58522ac41
2023-05-10 16:01:22 INFO  AuthenticationInterceptor:16 - [preHandle][SecurityContextHolderAwareRequestWrapper[ org.springframework.security.web.header.HeaderWriterFilter$HeaderWriterRequest@21d46683]][GET]/swagger-ui/index.htmlorg.apache.catalina.util.ParameterMap@6f7ce9f4
2023-05-10 16:01:22 INFO  AuthenticationInterceptor:16 - [preHandle][SecurityContextHolderAwareRequestWrapper[ org.springframework.security.web.header.HeaderWriterFilter$HeaderWriterRequest@1ee5660a]][GET]/swagger-ui/swagger-initializer.jsorg.apache.catalina.util.ParameterMap@10229ba6
2023-05-10 16:01:22 INFO  AuthenticationInterceptor:16 - [preHandle][SecurityContextHolderAwareRequestWrapper[ org.springframework.security.web.header.HeaderWriterFilter$HeaderWriterRequest@2906589]][GET]/v3/api-docs/swagger-configorg.apache.catalina.util.ParameterMap@2ed77ebd
2023-05-10 16:01:22 INFO  AuthenticationInterceptor:16 - [preHandle][SecurityContextHolderAwareRequestWrapper[ org.springframework.security.web.header.HeaderWriterFilter$HeaderWriterRequest@1ca083c4]][GET]/v3/api-docsorg.apache.catalina.util.ParameterMap@12676e20
2023-05-10 16:02:23 INFO  AuthenticationInterceptor:16 - [preHandle][SecurityContextHolderAwareRequestWrapper[ org.springframework.security.web.header.HeaderWriterFilter$HeaderWriterRequest@249a253d]][POST]/user/registerorg.apache.catalina.util.ParameterMap@2a5dcfde
2023-05-10 16:02:23 INFO  VerifyRegisterListener:29 - Click the link to verify your account: http://localhost:8080/verifyRegistration?token=85987bf2-42c8-4729-8c40-aead0962ac4a
2023-05-10 16:04:21 INFO  AuthenticationInterceptor:16 - [preHandle][SecurityContextHolderAwareRequestWrapper[ org.springframework.security.web.header.HeaderWriterFilter$HeaderWriterRequest@726e8cd9]][GET]/user/verifyRegistrationorg.apache.catalina.util.ParameterMap@7ca97ce4
2023-05-10 16:05:57 INFO  AuthenticationInterceptor:16 - [preHandle][SecurityContextHolderAwareRequestWrapper[ org.springframework.security.web.header.HeaderWriterFilter$HeaderWriterRequest@56a9f29c]][GET]/user/helloorg.apache.catalina.util.ParameterMap@8191f3c
2023-05-10 16:06:03 INFO  AuthenticationInterceptor:16 - [preHandle][SecurityContextHolderAwareRequestWrapper[ org.springframework.security.web.header.HeaderWriterFilter$HeaderWriterRequest@5c20206f]][GET]/user/verifyRegistrationorg.apache.catalina.util.ParameterMap@52e7d59b
2023-05-10 16:10:30 INFO  AuthenticationInterceptor:16 - [preHandle][SecurityContextHolderAwareRequestWrapper[ org.springframework.security.web.header.HeaderWriterFilter$HeaderWriterRequest@69b3df80]][GET]/user/verifyRegistrationorg.apache.catalina.util.ParameterMap@6fe497fe
2023-05-10 16:12:23 INFO  AuthenticationInterceptor:16 - [preHandle][SecurityContextHolderAwareRequestWrapper[ org.springframework.security.web.header.HeaderWriterFilter$HeaderWriterRequest@536d0b60]][GET]/user/verifyRegistrationorg.apache.catalina.util.ParameterMap@eff7ecb
2023-05-10 16:13:30 INFO  AuthenticationInterceptor:16 - [preHandle][SecurityContextHolderAwareRequestWrapper[ org.springframework.security.web.header.HeaderWriterFilter$HeaderWriterRequest@40ca86fa]][GET]/user/verifyRegistrationorg.apache.catalina.util.ParameterMap@4e0d6093
2023-05-10 16:15:13 INFO  AuthenticationInterceptor:16 - [preHandle][SecurityContextHolderAwareRequestWrapper[ org.springframework.security.web.header.HeaderWriterFilter$HeaderWriterRequest@6da74e98]][GET]/user/verifyRegistrationorg.apache.catalina.util.ParameterMap@1595ce2d
2023-05-10 16:15:13 INFO  UserServiceImpl:59 - [User Id]: 4
2023-05-10 16:26:29 INFO  AuthenticationInterceptor:16 - [preHandle][SecurityContextHolderAwareRequestWrapper[ org.springframework.security.web.header.HeaderWriterFilter$HeaderWriterRequest@7c2bf942]][GET]/user/verifyRegistrationorg.apache.catalina.util.ParameterMap@72ec18b7
2023-05-10 16:26:40 INFO  AuthenticationInterceptor:16 - [preHandle][SecurityContextHolderAwareRequestWrapper[ org.springframework.security.web.header.HeaderWriterFilter$HeaderWriterRequest@42f36933]][GET]/user/verifyRegistrationorg.apache.catalina.util.ParameterMap@4c349f1d
2023-05-10 16:26:40 INFO  UserServiceImpl:59 - [User Id]: 4
2023-05-10 17:31:38 INFO  AuthenticationInterceptor:16 - [preHandle][SecurityContextHolderAwareRequestWrapper[ org.springframework.security.web.header.HeaderWriterFilter$HeaderWriterRequest@195409cf]][GET]/user/verifyRegistrationorg.apache.catalina.util.ParameterMap@7a784c98
2023-05-11 09:32:04 INFO  AuthenticationInterceptor:16 - [preHandle][SecurityContextHolderAwareRequestWrapper[ org.springframework.security.web.header.HeaderWriterFilter$HeaderWriterRequest@746cba15]][GET]/swagger-ui/index.htmlorg.apache.catalina.util.ParameterMap@71452d57
2023-05-11 09:32:05 INFO  AuthenticationInterceptor:16 - [preHandle][SecurityContextHolderAwareRequestWrapper[ org.springframework.security.web.header.HeaderWriterFilter$HeaderWriterRequest@456724f7]][GET]/swagger-ui/index.cssorg.apache.catalina.util.ParameterMap@4ba0d22b
2023-05-11 09:32:05 INFO  AuthenticationInterceptor:16 - [preHandle][SecurityContextHolderAwareRequestWrapper[ org.springframework.security.web.header.HeaderWriterFilter$HeaderWriterRequest@170340fa]][GET]/swagger-ui/swagger-ui.cssorg.apache.catalina.util.ParameterMap@133cd6c2
2023-05-11 09:32:05 INFO  AuthenticationInterceptor:16 - [preHandle][SecurityContextHolderAwareRequestWrapper[ org.springframework.security.web.header.HeaderWriterFilter$HeaderWriterRequest@13e3da7f]][GET]/swagger-ui/swagger-ui-bundle.jsorg.apache.catalina.util.ParameterMap@1d243673
2023-05-11 09:32:05 INFO  AuthenticationInterceptor:16 - [preHandle][SecurityContextHolderAwareRequestWrapper[ org.springframework.security.web.header.HeaderWriterFilter$HeaderWriterRequest@5629611]][GET]/swagger-ui/swagger-ui-standalone-preset.jsorg.apache.catalina.util.ParameterMap@ba578cd
2023-05-11 09:32:05 INFO  AuthenticationInterceptor:16 - [preHandle][SecurityContextHolderAwareRequestWrapper[ org.springframework.security.web.header.HeaderWriterFilter$HeaderWriterRequest@4dc8f51c]][GET]/swagger-ui/swagger-initializer.jsorg.apache.catalina.util.ParameterMap@430f12d5
2023-05-11 09:32:05 INFO  AuthenticationInterceptor:16 - [preHandle][SecurityContextHolderAwareRequestWrapper[ org.springframework.security.web.header.HeaderWriterFilter$HeaderWriterRequest@2c6d6c10]][GET]/v3/api-docs/swagger-configorg.apache.catalina.util.ParameterMap@31c747e3
2023-05-11 09:32:05 INFO  AuthenticationInterceptor:16 - [preHandle][SecurityContextHolderAwareRequestWrapper[ org.springframework.security.web.header.HeaderWriterFilter$HeaderWriterRequest@625da74e]][GET]/v3/api-docsorg.apache.catalina.util.ParameterMap@6c9a5575
2023-05-11 09:38:26 INFO  AuthenticationInterceptor:16 - [preHandle][SecurityContextHolderAwareRequestWrapper[ org.springframework.security.web.header.HeaderWriterFilter$HeaderWriterRequest@2ef953b7]][POST]/user/registerorg.apache.catalina.util.ParameterMap@3af745c3
2023-05-11 09:38:26 INFO  UserServiceImpl:59 - Click the link to verify your account: http://localhost:8080/user/verifyRegistration?token=5c115c18-ad8a-4e63-a00d-5c02d843f3d9
2023-05-11 09:38:43 INFO  AuthenticationInterceptor:16 - [preHandle][SecurityContextHolderAwareRequestWrapper[ org.springframework.security.web.header.HeaderWriterFilter$HeaderWriterRequest@49fda64e]][GET]/user/verifyRegistrationorg.apache.catalina.util.ParameterMap@14ce26df
2023-05-11 09:41:12 INFO  AuthenticationInterceptor:16 - [preHandle][SecurityContextHolderAwareRequestWrapper[ org.springframework.security.web.header.HeaderWriterFilter$HeaderWriterRequest@2ab05b03]][GET]/user/verifyRegistrationorg.apache.catalina.util.ParameterMap@59faf461
2023-05-11 09:45:35 INFO  AuthenticationInterceptor:16 - [preHandle][SecurityContextHolderAwareRequestWrapper[ org.springframework.security.web.header.HeaderWriterFilter$HeaderWriterRequest@7cfabaf]][GET]/user/verifyRegistrationorg.apache.catalina.util.ParameterMap@346b0da1
2023-05-11 09:45:57 INFO  AuthenticationInterceptor:16 - [preHandle][SecurityContextHolderAwareRequestWrapper[ org.springframework.security.web.header.HeaderWriterFilter$HeaderWriterRequest@407a2074]][GET]/user/verifyRegistrationorg.apache.catalina.util.ParameterMap@171e9565
2023-05-11 09:45:57 INFO  UserServiceImpl:78 - [User Id]: 5
2023-05-11 09:46:50 INFO  AuthenticationInterceptor:16 - [preHandle][SecurityContextHolderAwareRequestWrapper[ org.springframework.security.web.header.HeaderWriterFilter$HeaderWriterRequest@13e3da7f]][GET]/user/verifyRegistrationorg.apache.catalina.util.ParameterMap@1d243673
2023-05-11 09:46:50 INFO  UserServiceImpl:59 - Click the link to verify your account: http://localhost:808092f9f2c9-61b0-45d4-b895-12fbfe1a9f82
2023-05-11 09:52:36 INFO  AuthenticationInterceptor:16 - [preHandle][SecurityContextHolderAwareRequestWrapper[ org.springframework.security.web.header.HeaderWriterFilter$HeaderWriterRequest@625da74e]][GET]/user/verifyRegistrationorg.apache.catalina.util.ParameterMap@6c9a5575
2023-05-11 09:53:32 INFO  AuthenticationInterceptor:16 - [preHandle][SecurityContextHolderAwareRequestWrapper[ org.springframework.security.web.header.HeaderWriterFilter$HeaderWriterRequest@371d40c6]][GET]/user/verifyRegistrationorg.apache.catalina.util.ParameterMap@126dbe15
2023-05-11 09:53:33 INFO  UserServiceImpl:59 - Click the link to verify your account: http://localhost:80801e84871a-fc7d-4024-8a35-9abf9b4850e7
2023-05-11 09:55:24 INFO  AuthenticationInterceptor:16 - [preHandle][SecurityContextHolderAwareRequestWrapper[ org.springframework.security.web.header.HeaderWriterFilter$HeaderWriterRequest@3ba6816e]][GET]/user/verifyRegistrationorg.apache.catalina.util.ParameterMap@3561786a
2023-05-11 09:55:24 INFO  UserServiceImpl:77 - [User Id]: 5
2023-05-11 09:56:55 INFO  AuthenticationInterceptor:16 - [preHandle][SecurityContextHolderAwareRequestWrapper[ org.springframework.security.web.header.HeaderWriterFilter$HeaderWriterRequest@5300b665]][GET]/user/verifyRegistrationorg.apache.catalina.util.ParameterMap@aa66535
2023-05-11 09:56:55 INFO  UserServiceImpl:59 - Click the link to verify your account: http://localhost:8080/user/verifyRegistration?token=26fdfe98-0307-4cbf-b262-a0d63cbfddb8
2023-05-11 09:57:05 INFO  AuthenticationInterceptor:16 - [preHandle][SecurityContextHolderAwareRequestWrapper[ org.springframework.security.web.header.HeaderWriterFilter$HeaderWriterRequest@4513774d]][GET]/user/verifyRegistrationorg.apache.catalina.util.ParameterMap@4bd4819f
2023-05-11 09:57:05 INFO  UserServiceImpl:77 - [User Id]: 5
2023-05-11 10:09:17 INFO  AuthenticationInterceptor:16 - [preHandle][SecurityContextHolderAwareRequestWrapper[ org.springframework.security.web.header.HeaderWriterFilter$HeaderWriterRequest@4dc8f51c]][POST]/user/registerorg.apache.catalina.util.ParameterMap@430f12d5
2023-05-11 10:11:23 INFO  AuthenticationInterceptor:16 - [preHandle][SecurityContextHolderAwareRequestWrapper[ org.springframework.security.web.header.HeaderWriterFilter$HeaderWriterRequest@fc31dc8]][POST]/user/registerorg.apache.catalina.util.ParameterMap@1445589e
2023-05-11 10:11:45 INFO  AuthenticationInterceptor:16 - [preHandle][SecurityContextHolderAwareRequestWrapper[ org.springframework.security.web.header.HeaderWriterFilter$HeaderWriterRequest@232f816b]][POST]/user/registerorg.apache.catalina.util.ParameterMap@c8e395c
2023-05-11 10:39:42 INFO  AuthenticationInterceptor:16 - [preHandle][SecurityContextHolderAwareRequestWrapper[ org.springframework.security.web.header.HeaderWriterFilter$HeaderWriterRequest@5ae23788]][GET]/user/verifyRegistrationorg.apache.catalina.util.ParameterMap@7019ff22
2023-05-11 10:40:23 INFO  AuthenticationInterceptor:16 - [preHandle][SecurityContextHolderAwareRequestWrapper[ org.springframework.security.web.header.HeaderWriterFilter$HeaderWriterRequest@65363fd4]][GET]/user/verifyRegistrationorg.apache.catalina.util.ParameterMap@6bf1cd02
2023-05-11 10:41:47 INFO  AuthenticationInterceptor:16 - [preHandle][SecurityContextHolderAwareRequestWrapper[ org.springframework.security.web.header.HeaderWriterFilter$HeaderWriterRequest@50958a03]][GET]/user/verifyRegistrationorg.apache.catalina.util.ParameterMap@5e527e61
2023-05-11 10:41:47 INFO  UserServiceImpl:82 - [User Id]: 5
2023-05-11 10:41:50 INFO  AuthenticationInterceptor:16 - [preHandle][SecurityContextHolderAwareRequestWrapper[ org.springframework.security.web.header.HeaderWriterFilter$HeaderWriterRequest@4513774d]][GET]/user/verifyRegistrationorg.apache.catalina.util.ParameterMap@4bd4819f
2023-05-11 10:43:07 INFO  AuthenticationInterceptor:16 - [preHandle][SecurityContextHolderAwareRequestWrapper[ org.springframework.security.web.header.HeaderWriterFilter$HeaderWriterRequest@15476d4e]][POST]/user/registerorg.apache.catalina.util.ParameterMap@1b808196
2023-05-11 12:34:01 INFO  AuthenticationInterceptor:16 - [preHandle][SecurityContextHolderAwareRequestWrapper[ org.springframework.security.web.header.HeaderWriterFilter$HeaderWriterRequest@7917dfb7]][GET]/swagger-ui/index.htmlorg.apache.catalina.util.ParameterMap@3c834239
2023-05-11 12:34:01 INFO  AuthenticationInterceptor:16 - [preHandle][SecurityContextHolderAwareRequestWrapper[ org.springframework.security.web.header.HeaderWriterFilter$HeaderWriterRequest@cdba827]][GET]/swagger-ui/swagger-initializer.jsorg.apache.catalina.util.ParameterMap@21c47cc
2023-05-11 12:34:01 INFO  AuthenticationInterceptor:16 - [preHandle][SecurityContextHolderAwareRequestWrapper[ org.springframework.security.web.header.HeaderWriterFilter$HeaderWriterRequest@6df2a5b1]][GET]/swagger-ui/favicon-32x32.pngorg.apache.catalina.util.ParameterMap@69cd3cd7
2023-05-11 12:34:01 INFO  AuthenticationInterceptor:16 - [preHandle][SecurityContextHolderAwareRequestWrapper[ org.springframework.security.web.header.HeaderWriterFilter$HeaderWriterRequest@2b4d1e8]][GET]/v3/api-docs/swagger-configorg.apache.catalina.util.ParameterMap@a757011
2023-05-11 12:34:01 INFO  AuthenticationInterceptor:16 - [preHandle][SecurityContextHolderAwareRequestWrapper[ org.springframework.security.web.header.HeaderWriterFilter$HeaderWriterRequest@42189fd5]][GET]/v3/api-docsorg.apache.catalina.util.ParameterMap@4cdf69e6
2023-05-11 12:40:51 INFO  AuthenticationInterceptor:16 - [preHandle][SecurityContextHolderAwareRequestWrapper[ org.springframework.security.web.header.HeaderWriterFilter$HeaderWriterRequest@5e683c36]][GET]/swagger-ui/index.htmlorg.apache.catalina.util.ParameterMap@649c71a
2023-05-11 12:40:51 INFO  AuthenticationInterceptor:16 - [preHandle][SecurityContextHolderAwareRequestWrapper[ org.springframework.security.web.header.HeaderWriterFilter$HeaderWriterRequest@70c3d3b3]][GET]/swagger-ui/swagger-initializer.jsorg.apache.catalina.util.ParameterMap@7e0423db
2023-05-11 12:40:51 INFO  AuthenticationInterceptor:16 - [preHandle][SecurityContextHolderAwareRequestWrapper[ org.springframework.security.web.header.HeaderWriterFilter$HeaderWriterRequest@3f3e3d05]][GET]/v3/api-docs/swagger-configorg.apache.catalina.util.ParameterMap@31c6bd49
2023-05-11 12:40:51 INFO  AuthenticationInterceptor:16 - [preHandle][SecurityContextHolderAwareRequestWrapper[ org.springframework.security.web.header.HeaderWriterFilter$HeaderWriterRequest@61dd2826]][GET]/v3/api-docsorg.apache.catalina.util.ParameterMap@6f1ada6d
2023-05-11 12:41:17 INFO  AuthenticationInterceptor:16 - [preHandle][SecurityContextHolderAwareRequestWrapper[ org.springframework.security.web.header.HeaderWriterFilter$HeaderWriterRequest@53a0da5]][POST]/user/forgot-passwordorg.apache.catalina.util.ParameterMap@bfde372
2023-05-11 12:41:23 INFO  AuthenticationInterceptor:16 - [preHandle][SecurityContextHolderAwareRequestWrapper[ org.springframework.security.web.header.HeaderWriterFilter$HeaderWriterRequest@1ca47e55]][POST]/user/forgot-passwordorg.apache.catalina.util.ParameterMap@126393b1
2023-05-11 12:41:23 INFO  UserController:53 - Link to change password: http://localhost:8080/user/change-password?token=b8138fed-ec3b-4ce0-9c61-f8c089b68c56
2023-05-11 12:43:12 INFO  AuthenticationInterceptor:16 - [preHandle][SecurityContextHolderAwareRequestWrapper[ org.springframework.security.web.header.HeaderWriterFilter$HeaderWriterRequest@46717522]][POST]/user/change-passwordorg.apache.catalina.util.ParameterMap@6e41862e
2023-05-11 12:43:47 INFO  AuthenticationInterceptor:16 - [preHandle][SecurityContextHolderAwareRequestWrapper[ org.springframework.security.web.header.HeaderWriterFilter$HeaderWriterRequest@3a781aec]][POST]/user/loginorg.apache.catalina.util.ParameterMap@318acdd4
2023-05-11 12:44:11 INFO  AuthenticationInterceptor:16 - [preHandle][SecurityContextHolderAwareRequestWrapper[ org.springframework.security.web.header.HeaderWriterFilter$HeaderWriterRequest@90dd873]][POST]/user/loginorg.apache.catalina.util.ParameterMap@6abc591b
2023-05-11 12:46:09 INFO  AuthenticationInterceptor:16 - [preHandle][SecurityContextHolderAwareRequestWrapper[ org.springframework.security.web.header.HeaderWriterFilter$HeaderWriterRequest@72745135]][POST]/user/loginorg.apache.catalina.util.ParameterMap@5a144e68
2023-05-11 12:46:12 INFO  AuthenticationInterceptor:16 - [preHandle][SecurityContextHolderAwareRequestWrapper[ org.springframework.security.web.header.HeaderWriterFilter$HeaderWriterRequest@285c1050]][GET]/swagger-ui/index.htmlorg.apache.catalina.util.ParameterMap@1a6ab84f
2023-05-11 12:46:12 INFO  AuthenticationInterceptor:16 - [preHandle][SecurityContextHolderAwareRequestWrapper[ org.springframework.security.web.header.HeaderWriterFilter$HeaderWriterRequest@7c5f5199]][GET]/swagger-ui/swagger-initializer.jsorg.apache.catalina.util.ParameterMap@7298a062
2023-05-11 12:46:13 INFO  AuthenticationInterceptor:16 - [preHandle][SecurityContextHolderAwareRequestWrapper[ org.springframework.security.web.header.HeaderWriterFilter$HeaderWriterRequest@2bb15219]][GET]/v3/api-docs/swagger-configorg.apache.catalina.util.ParameterMap@2576a91f
2023-05-11 12:46:13 INFO  AuthenticationInterceptor:16 - [preHandle][SecurityContextHolderAwareRequestWrapper[ org.springframework.security.web.header.HeaderWriterFilter$HeaderWriterRequest@5e985b61]][GET]/v3/api-docsorg.apache.catalina.util.ParameterMap@505fbec2
2023-05-11 12:46:26 INFO  AuthenticationInterceptor:16 - [preHandle][SecurityContextHolderAwareRequestWrapper[ org.springframework.security.web.header.HeaderWriterFilter$HeaderWriterRequest@917bccb]][POST]/user/loginorg.apache.catalina.util.ParameterMap@7d05399
2023-05-11 12:51:29 INFO  AuthenticationInterceptor:16 - [preHandle][SecurityContextHolderAwareRequestWrapper[ org.springframework.security.web.header.HeaderWriterFilter$HeaderWriterRequest@2fa3fa8c]][POST]/user/loginorg.apache.catalina.util.ParameterMap@21640108
2023-05-11 12:51:40 INFO  AuthenticationInterceptor:16 - [preHandle][SecurityContextHolderAwareRequestWrapper[ org.springframework.security.web.header.HeaderWriterFilter$HeaderWriterRequest@2ea979cf]][POST]/user/loginorg.apache.catalina.util.ParameterMap@206e826a
2023-05-11 12:53:20 INFO  AuthenticationInterceptor:16 - [preHandle][SecurityContextHolderAwareRequestWrapper[ org.springframework.security.web.header.HeaderWriterFilter$HeaderWriterRequest@79267ac]][GET]/swagger-ui/index.htmlorg.apache.catalina.util.ParameterMap@31a33fc5
2023-05-11 12:53:20 INFO  AuthenticationInterceptor:16 - [preHandle][SecurityContextHolderAwareRequestWrapper[ org.springframework.security.web.header.HeaderWriterFilter$HeaderWriterRequest@5385fffc]][GET]/swagger-ui/swagger-initializer.jsorg.apache.catalina.util.ParameterMap@5d420bfc
2023-05-11 12:53:20 INFO  AuthenticationInterceptor:16 - [preHandle][SecurityContextHolderAwareRequestWrapper[ org.springframework.security.web.header.HeaderWriterFilter$HeaderWriterRequest@6bcf09ea]][GET]/v3/api-docs/swagger-configorg.apache.catalina.util.ParameterMap@1f90196e
2023-05-11 12:53:20 INFO  AuthenticationInterceptor:16 - [preHandle][SecurityContextHolderAwareRequestWrapper[ org.springframework.security.web.header.HeaderWriterFilter$HeaderWriterRequest@2fa3fa8c]][GET]/v3/api-docsorg.apache.catalina.util.ParameterMap@21640108
2023-05-11 12:53:33 INFO  AuthenticationInterceptor:16 - [preHandle][SecurityContextHolderAwareRequestWrapper[ org.springframework.security.web.header.HeaderWriterFilter$HeaderWriterRequest@2ea979cf]][POST]/user/loginorg.apache.catalina.util.ParameterMap@206e826a
2023-05-11 12:53:34 INFO  UserServiceImpl:57 - password$2a$11$DCEs7YvYtGWFzEkDjrVPu.Fegj/DlKWIJv8/rcyb7NQo90siFg7q2
2023-05-11 12:53:34 INFO  UserServiceImpl:58 - password$2a$11$5m8rUZYFWiIqAq0rM1q8vOgxMRXThO7/INwY/g48XCn9LvPYvGEGe
2023-05-11 13:23:18 INFO  AuthenticationInterceptor:16 - [preHandle][SecurityContextHolderAwareRequestWrapper[ org.springframework.security.web.header.HeaderWriterFilter$HeaderWriterRequest@395c8711]][GET]/swagger-ui/index.htmlorg.apache.catalina.util.ParameterMap@6469aac
2023-05-11 13:23:18 INFO  AuthenticationInterceptor:16 - [preHandle][SecurityContextHolderAwareRequestWrapper[ org.springframework.security.web.header.HeaderWriterFilter$HeaderWriterRequest@7b77077a]][GET]/swagger-ui/swagger-initializer.jsorg.apache.catalina.util.ParameterMap@75b0f664
2023-05-11 13:23:18 INFO  AuthenticationInterceptor:16 - [preHandle][SecurityContextHolderAwareRequestWrapper[ org.springframework.security.web.header.HeaderWriterFilter$HeaderWriterRequest@2b091abc]][GET]/v3/api-docs/swagger-configorg.apache.catalina.util.ParameterMap@29ca5d98
2023-05-11 13:23:18 INFO  AuthenticationInterceptor:16 - [preHandle][SecurityContextHolderAwareRequestWrapper[ org.springframework.security.web.header.HeaderWriterFilter$HeaderWriterRequest@12980866]][GET]/v3/api-docsorg.apache.catalina.util.ParameterMap@1c5ff445
2023-05-11 13:23:33 INFO  AuthenticationInterceptor:16 - [preHandle][SecurityContextHolderAwareRequestWrapper[ org.springframework.security.web.header.HeaderWriterFilter$HeaderWriterRequest@6eca0f3f]][POST]/user/loginorg.apache.catalina.util.ParameterMap@600dfc96
2023-05-11 13:23:42 INFO  AuthenticationInterceptor:16 - [preHandle][SecurityContextHolderAwareRequestWrapper[ org.springframework.security.web.header.HeaderWriterFilter$HeaderWriterRequest@1f23e706]][POST]/user/loginorg.apache.catalina.util.ParameterMap@11e40a92
2023-05-11 13:23:49 INFO  AuthenticationInterceptor:16 - [preHandle][SecurityContextHolderAwareRequestWrapper[ org.springframework.security.web.header.HeaderWriterFilter$HeaderWriterRequest@1d8ed520]][POST]/user/loginorg.apache.catalina.util.ParameterMap@134938e1
2023-05-11 14:43:05 INFO  AuthenticationInterceptor:16 - [preHandle][SecurityContextHolderAwareRequestWrapper[ org.springframework.security.web.header.HeaderWriterFilter$HeaderWriterRequest@7f7f2861]][POST]/user/registerorg.apache.catalina.util.ParameterMap@709c60ca
2023-05-11 14:46:21 INFO  AuthenticationInterceptor:16 - [preHandle][SecurityContextHolderAwareRequestWrapper[ org.springframework.security.web.header.HeaderWriterFilter$HeaderWriterRequest@10a4c790]][POST]/user/registerorg.apache.catalina.util.ParameterMap@52795d75
2023-05-11 14:57:09 INFO  AuthenticationInterceptor:16 - [preHandle][SecurityContextHolderAwareRequestWrapper[ org.springframework.security.web.header.HeaderWriterFilter$HeaderWriterRequest@1d97e62b]][POST]/user/registerorg.apache.catalina.util.ParameterMap@789014bf
2023-05-11 14:57:13 INFO  UserController:42 - Click the link to verify your account: http://localhost:8080/user/verifyRegistration?token=684d4d8e-a3f4-4583-8018-06c04b7746cd
2023-05-11 14:58:05 INFO  AuthenticationInterceptor:16 - [preHandle][SecurityContextHolderAwareRequestWrapper[ org.springframework.security.web.header.HeaderWriterFilter$HeaderWriterRequest@2b1da204]][GET]/user/verifyRegistrationorg.apache.catalina.util.ParameterMap@c0bb91c
2023-05-11 14:58:05 INFO  UserServiceImpl:92 - [User Id]: 11
2023-05-11 15:34:55 INFO  AuthenticationInterceptor:16 - [preHandle][SecurityContextHolderAwareRequestWrapper[ org.springframework.security.web.header.HeaderWriterFilter$HeaderWriterRequest@1de02170]][GET]/swagger-ui/index.htmlorg.apache.catalina.util.ParameterMap@2cf07906
2023-05-11 15:34:55 INFO  AuthenticationInterceptor:16 - [preHandle][SecurityContextHolderAwareRequestWrapper[ org.springframework.security.web.header.HeaderWriterFilter$HeaderWriterRequest@3c16d8e7]][GET]/swagger-ui/swagger-initializer.jsorg.apache.catalina.util.ParameterMap@32d12115
2023-05-11 15:34:55 INFO  AuthenticationInterceptor:16 - [preHandle][SecurityContextHolderAwareRequestWrapper[ org.springframework.security.web.header.HeaderWriterFilter$HeaderWriterRequest@3f74e6de]][GET]/swagger-ui/swagger-ui.cssorg.apache.catalina.util.ParameterMap@31b30f40
2023-05-11 15:34:55 INFO  AuthenticationInterceptor:16 - [preHandle][SecurityContextHolderAwareRequestWrapper[ org.springframework.security.web.header.HeaderWriterFilter$HeaderWriterRequest@748e5b03]][GET]/swagger-ui/index.cssorg.apache.catalina.util.ParameterMap@7a49abe2
2023-05-11 15:34:55 INFO  AuthenticationInterceptor:16 - [preHandle][SecurityContextHolderAwareRequestWrapper[ org.springframework.security.web.header.HeaderWriterFilter$HeaderWriterRequest@4b3158aa]][GET]/swagger-ui/swagger-ui-bundle.jsorg.apache.catalina.util.ParameterMap@45f6bfbc
2023-05-11 15:34:55 INFO  AuthenticationInterceptor:16 - [preHandle][SecurityContextHolderAwareRequestWrapper[ org.springframework.security.web.header.HeaderWriterFilter$HeaderWriterRequest@852b48b]][GET]/swagger-ui/swagger-ui-standalone-preset.jsorg.apache.catalina.util.ParameterMap@6955bf1
2023-05-11 15:34:56 INFO  AuthenticationInterceptor:16 - [preHandle][SecurityContextHolderAwareRequestWrapper[ org.springframework.security.web.header.HeaderWriterFilter$HeaderWriterRequest@263277f2]][GET]/v3/api-docs/swagger-configorg.apache.catalina.util.ParameterMap@1bc03067
2023-05-11 15:34:56 INFO  AuthenticationInterceptor:16 - [preHandle][SecurityContextHolderAwareRequestWrapper[ org.springframework.security.web.header.HeaderWriterFilter$HeaderWriterRequest@75cb251e]][GET]/v3/api-docsorg.apache.catalina.util.ParameterMap@7b0cc5d7
2023-05-11 15:36:35 INFO  AuthenticationInterceptor:16 - [preHandle][SecurityContextHolderAwareRequestWrapper[ org.springframework.security.web.header.HeaderWriterFilter$HeaderWriterRequest@5a434358]][POST]/user/registerorg.apache.catalina.util.ParameterMap@76a5d132
2023-05-11 15:37:10 INFO  AuthenticationInterceptor:16 - [preHandle][SecurityContextHolderAwareRequestWrapper[ org.springframework.security.web.header.HeaderWriterFilter$HeaderWriterRequest@2a58e32c]][GET]/user/verifyRegistrationorg.apache.catalina.util.ParameterMap@b9887d3
2023-05-11 15:37:10 INFO  UserServiceImpl:93 - [User Id]: 12
2023-05-12 09:17:46 INFO  AuthenticationInterceptor:16 - [preHandle][SecurityContextHolderAwareRequestWrapper[ org.springframework.security.web.header.HeaderWriterFilter$HeaderWriterRequest@610eaac2]][GET]/swagger-ui/index.htmlorg.apache.catalina.util.ParameterMap@42f0e348
2023-05-12 09:17:46 INFO  AuthenticationInterceptor:16 - [preHandle][SecurityContextHolderAwareRequestWrapper[ org.springframework.security.web.header.HeaderWriterFilter$HeaderWriterRequest@a98bc0c]][GET]/swagger-ui/swagger-ui.cssorg.apache.catalina.util.ParameterMap@45f532f
2023-05-12 09:17:46 INFO  AuthenticationInterceptor:16 - [preHandle][SecurityContextHolderAwareRequestWrapper[ org.springframework.security.web.header.HeaderWriterFilter$HeaderWriterRequest@4f11cb77]][GET]/swagger-ui/index.cssorg.apache.catalina.util.ParameterMap@4b2e464d
2023-05-12 09:17:46 INFO  AuthenticationInterceptor:16 - [preHandle][SecurityContextHolderAwareRequestWrapper[ org.springframework.security.web.header.HeaderWriterFilter$HeaderWriterRequest@75418352]][GET]/swagger-ui/swagger-ui-bundle.jsorg.apache.catalina.util.ParameterMap@7b86638a
2023-05-12 09:17:46 INFO  AuthenticationInterceptor:16 - [preHandle][SecurityContextHolderAwareRequestWrapper[ org.springframework.security.web.header.HeaderWriterFilter$HeaderWriterRequest@51b8d558]][GET]/swagger-ui/swagger-initializer.jsorg.apache.catalina.util.ParameterMap@5f7f311f
2023-05-12 09:17:46 INFO  AuthenticationInterceptor:16 - [preHandle][SecurityContextHolderAwareRequestWrapper[ org.springframework.security.web.header.HeaderWriterFilter$HeaderWriterRequest@347ea1c0]][GET]/swagger-ui/swagger-ui-standalone-preset.jsorg.apache.catalina.util.ParameterMap@3ab9593f
2023-05-12 09:17:46 INFO  AuthenticationInterceptor:16 - [preHandle][SecurityContextHolderAwareRequestWrapper[ org.springframework.security.web.header.HeaderWriterFilter$HeaderWriterRequest@16a6b152]][GET]/swagger-ui/index.htmlorg.apache.catalina.util.ParameterMap@18614df6
2023-05-12 09:17:46 INFO  AuthenticationInterceptor:16 - [preHandle][SecurityContextHolderAwareRequestWrapper[ org.springframework.security.web.header.HeaderWriterFilter$HeaderWriterRequest@c4c34f5]][GET]/swagger-ui/swagger-ui.cssorg.apache.catalina.util.ParameterMap@28bdb0c
2023-05-12 09:17:46 INFO  AuthenticationInterceptor:16 - [preHandle][SecurityContextHolderAwareRequestWrapper[ org.springframework.security.web.header.HeaderWriterFilter$HeaderWriterRequest@7a269c15]][GET]/swagger-ui/swagger-initializer.jsorg.apache.catalina.util.ParameterMap@74e16d21
2023-05-12 09:17:46 INFO  AuthenticationInterceptor:16 - [preHandle][SecurityContextHolderAwareRequestWrapper[ org.springframework.security.web.header.HeaderWriterFilter$HeaderWriterRequest@c33477d]][GET]/swagger-ui/index.cssorg.apache.catalina.util.ParameterMap@2f4b88b
2023-05-12 09:17:46 INFO  AuthenticationInterceptor:16 - [preHandle][SecurityContextHolderAwareRequestWrapper[ org.springframework.security.web.header.HeaderWriterFilter$HeaderWriterRequest@76a6f947]][GET]/swagger-ui/swagger-ui-standalone-preset.jsorg.apache.catalina.util.ParameterMap@1d496225
2023-05-12 09:17:46 INFO  AuthenticationInterceptor:16 - [preHandle][SecurityContextHolderAwareRequestWrapper[ org.springframework.security.web.header.HeaderWriterFilter$HeaderWriterRequest@a1b98c0]][GET]/swagger-ui/swagger-ui-bundle.jsorg.apache.catalina.util.ParameterMap@643f8c8d
2023-05-12 09:17:47 INFO  AuthenticationInterceptor:16 - [preHandle][SecurityContextHolderAwareRequestWrapper[ org.springframework.security.web.header.HeaderWriterFilter$HeaderWriterRequest@92c0671]][GET]/v3/api-docs/swagger-configorg.apache.catalina.util.ParameterMap@46a1e8c8
2023-05-12 09:17:47 INFO  AuthenticationInterceptor:16 - [preHandle][SecurityContextHolderAwareRequestWrapper[ org.springframework.security.web.header.HeaderWriterFilter$HeaderWriterRequest@de0471e]][GET]/swagger-ui/favicon-32x32.pngorg.apache.catalina.util.ParameterMap@6d6b1e4c
2023-05-12 09:17:47 INFO  AuthenticationInterceptor:16 - [preHandle][SecurityContextHolderAwareRequestWrapper[ org.springframework.security.web.header.HeaderWriterFilter$HeaderWriterRequest@50b2bf15]][GET]/v3/api-docsorg.apache.catalina.util.ParameterMap@715aa01
2023-05-12 09:17:48 INFO  AuthenticationInterceptor:16 - [preHandle][SecurityContextHolderAwareRequestWrapper[ org.springframework.security.web.header.HeaderWriterFilter$HeaderWriterRequest@2bb3c674]][GET]/v3/api-docs/swagger-configorg.apache.catalina.util.ParameterMap@6b041c6f
2023-05-12 09:17:48 INFO  AuthenticationInterceptor:16 - [preHandle][SecurityContextHolderAwareRequestWrapper[ org.springframework.security.web.header.HeaderWriterFilter$HeaderWriterRequest@59cc99c0]][GET]/swagger-ui/favicon-32x32.pngorg.apache.catalina.util.ParameterMap@4cf8ae30
2023-05-12 09:17:48 INFO  AuthenticationInterceptor:16 - [preHandle][SecurityContextHolderAwareRequestWrapper[ org.springframework.security.web.header.HeaderWriterFilter$HeaderWriterRequest@72bf5349]][GET]/v3/api-docsorg.apache.catalina.util.ParameterMap@565372ec
2023-05-12 14:18:18 INFO  AuthenticationInterceptor:16 - [preHandle][SecurityContextHolderAwareRequestWrapper[ org.springframework.security.web.header.HeaderWriterFilter$HeaderWriterRequest@7a871f27]][GET]/swagger-ui/index.htmlorg.apache.catalina.util.ParameterMap@168cb29c
2023-05-12 14:18:18 INFO  AuthenticationInterceptor:16 - [preHandle][SecurityContextHolderAwareRequestWrapper[ org.springframework.security.web.header.HeaderWriterFilter$HeaderWriterRequest@492dd582]][GET]/swagger-ui/swagger-ui.cssorg.apache.catalina.util.ParameterMap@47ea32d7
2023-05-12 14:18:18 INFO  AuthenticationInterceptor:16 - [preHandle][SecurityContextHolderAwareRequestWrapper[ org.springframework.security.web.header.HeaderWriterFilter$HeaderWriterRequest@336b2a6d]][GET]/swagger-ui/index.cssorg.apache.catalina.util.ParameterMap@3dacc270
2023-05-12 14:18:18 INFO  AuthenticationInterceptor:16 - [preHandle][SecurityContextHolderAwareRequestWrapper[ org.springframework.security.web.header.HeaderWriterFilter$HeaderWriterRequest@5028d1ee]][GET]/swagger-ui/swagger-ui-bundle.jsorg.apache.catalina.util.ParameterMap@5eef259b
2023-05-12 14:18:18 INFO  AuthenticationInterceptor:16 - [preHandle][SecurityContextHolderAwareRequestWrapper[ org.springframework.security.web.header.HeaderWriterFilter$HeaderWriterRequest@79525585]][GET]/swagger-ui/swagger-ui-standalone-preset.jsorg.apache.catalina.util.ParameterMap@7d6dce77
2023-05-12 14:18:18 INFO  AuthenticationInterceptor:16 - [preHandle][SecurityContextHolderAwareRequestWrapper[ org.springframework.security.web.header.HeaderWriterFilter$HeaderWriterRequest@3acadd99]][GET]/swagger-ui/swagger-initializer.jsorg.apache.catalina.util.ParameterMap@340d24b0
2023-05-12 14:18:18 INFO  AuthenticationInterceptor:16 - [preHandle][SecurityContextHolderAwareRequestWrapper[ org.springframework.security.web.header.HeaderWriterFilter$HeaderWriterRequest@3a158e4f]][GET]/v3/api-docs/swagger-configorg.apache.catalina.util.ParameterMap@45b4fe37
2023-05-12 14:18:18 INFO  AuthenticationInterceptor:16 - [preHandle][SecurityContextHolderAwareRequestWrapper[ org.springframework.security.web.header.HeaderWriterFilter$HeaderWriterRequest@e0ee6a3]][GET]/swagger-ui/favicon-32x32.pngorg.apache.catalina.util.ParameterMap@c91912
2023-05-12 14:18:18 INFO  AuthenticationInterceptor:16 - [preHandle][SecurityContextHolderAwareRequestWrapper[ org.springframework.security.web.header.HeaderWriterFilter$HeaderWriterRequest@7040b772]][GET]/v3/api-docsorg.apache.catalina.util.ParameterMap@7e87570a
2023-05-12 14:18:29 INFO  AuthenticationInterceptor:16 - [preHandle][SecurityContextHolderAwareRequestWrapper[ org.springframework.security.web.header.HeaderWriterFilter$HeaderWriterRequest@72d272e0]][GET]/user/helloorg.apache.catalina.util.ParameterMap@7c1582ca
2023-05-12 14:44:05 INFO  AuthenticationInterceptor:16 - [preHandle][SecurityContextHolderAwareRequestWrapper[ org.springframework.security.web.header.HeaderWriterFilter$HeaderWriterRequest@1984ac4b]][GET]/user/helloorg.apache.catalina.util.ParameterMap@25b4dc7f
2023-05-12 17:00:15 INFO  AuthenticationInterceptor:16 - [preHandle][SecurityContextHolderAwareRequestWrapper[ org.springframework.security.web.header.HeaderWriterFilter$HeaderWriterRequest@32557583]][POST]/user/registerorg.apache.catalina.util.ParameterMap@5369b695
2023-05-12 17:00:41 INFO  AuthenticationInterceptor:16 - [preHandle][SecurityContextHolderAwareRequestWrapper[ org.springframework.security.web.header.HeaderWriterFilter$HeaderWriterRequest@7a360f9f]][GET]/user/verifyRegistrationorg.apache.catalina.util.ParameterMap@7dc2988e
2023-05-12 17:00:41 INFO  UserServiceImpl:113 - [User Id]: 13
2023-05-12 17:01:59 INFO  AuthenticationInterceptor:16 - [preHandle][SecurityContextHolderAwareRequestWrapper[ org.springframework.security.web.header.HeaderWriterFilter$HeaderWriterRequest@47717789]][GET]/swagger-ui/index.htmlorg.apache.catalina.util.ParameterMap@5dab07d5
2023-05-12 17:01:59 INFO  AuthenticationInterceptor:16 - [preHandle][SecurityContextHolderAwareRequestWrapper[ org.springframework.security.web.header.HeaderWriterFilter$HeaderWriterRequest@2b7eb0c]][GET]/swagger-ui/swagger-ui.cssorg.apache.catalina.util.ParameterMap@c70052a
2023-05-12 17:01:59 INFO  AuthenticationInterceptor:16 - [preHandle][SecurityContextHolderAwareRequestWrapper[ org.springframework.security.web.header.HeaderWriterFilter$HeaderWriterRequest@6d0e903d]][GET]/swagger-ui/index.cssorg.apache.catalina.util.ParameterMap@63c963ec
2023-05-12 17:01:59 INFO  AuthenticationInterceptor:16 - [preHandle][SecurityContextHolderAwareRequestWrapper[ org.springframework.security.web.header.HeaderWriterFilter$HeaderWriterRequest@561541b]][GET]/swagger-ui/swagger-ui-bundle.jsorg.apache.catalina.util.ParameterMap@ba6bac7
2023-05-12 17:01:59 INFO  AuthenticationInterceptor:16 - [preHandle][SecurityContextHolderAwareRequestWrapper[ org.springframework.security.web.header.HeaderWriterFilter$HeaderWriterRequest@1f716e95]][GET]/swagger-ui/swagger-ui-standalone-preset.jsorg.apache.catalina.util.ParameterMap@ad04557
2023-05-12 17:01:59 INFO  AuthenticationInterceptor:16 - [preHandle][SecurityContextHolderAwareRequestWrapper[ org.springframework.security.web.header.HeaderWriterFilter$HeaderWriterRequest@127cb0f5]][GET]/swagger-ui/swagger-initializer.jsorg.apache.catalina.util.ParameterMap@7959cb1d
2023-05-12 17:01:59 INFO  AuthenticationInterceptor:16 - [preHandle][SecurityContextHolderAwareRequestWrapper[ org.springframework.security.web.header.HeaderWriterFilter$HeaderWriterRequest@f6f9f66]][GET]/v3/api-docs/swagger-configorg.apache.catalina.util.ParameterMap@57ff3a67
2023-05-12 17:01:59 INFO  AuthenticationInterceptor:16 - [preHandle][SecurityContextHolderAwareRequestWrapper[ org.springframework.security.web.header.HeaderWriterFilter$HeaderWriterRequest@7e05701]][GET]/v3/api-docsorg.apache.catalina.util.ParameterMap@927b98d
2023-05-12 17:02:35 INFO  AuthenticationInterceptor:16 - [preHandle][SecurityContextHolderAwareRequestWrapper[ org.springframework.security.web.header.HeaderWriterFilter$HeaderWriterRequest@6b09391d]][POST]/user/loginorg.apache.catalina.util.ParameterMap@65ceca0c
2023-05-12 17:06:49 INFO  AuthenticationInterceptor:16 - [preHandle][SecurityContextHolderAwareRequestWrapper[ org.springframework.security.web.header.HeaderWriterFilter$HeaderWriterRequest@6185f853]][POST]/user/loginorg.apache.catalina.util.ParameterMap@1def77ba
2023-05-12 17:10:01 INFO  AuthenticationInterceptor:16 - [preHandle][SecurityContextHolderAwareRequestWrapper[ org.springframework.security.web.header.HeaderWriterFilter$HeaderWriterRequest@594d80e9]][POST]/user/loginorg.apache.catalina.util.ParameterMap@44da00de
2023-05-12 17:13:30 INFO  AuthenticationInterceptor:16 - [preHandle][SecurityContextHolderAwareRequestWrapper[ org.springframework.security.web.header.HeaderWriterFilter$HeaderWriterRequest@3dfedc64]][POST]/user/loginorg.apache.catalina.util.ParameterMap@39acc060
2023-05-12 17:13:31 INFO  JwtTokenUtil:20 - [Begin generate]
2023-05-12 17:15:18 INFO  AuthenticationInterceptor:16 - [preHandle][SecurityContextHolderAwareRequestWrapper[ org.springframework.security.web.header.HeaderWriterFilter$HeaderWriterRequest@3dfedc64]][POST]/user/loginorg.apache.catalina.util.ParameterMap@39acc060
2023-05-12 17:15:18 INFO  JwtTokenUtil:20 - [Secret token]37fh2od8vnald983na3
2023-05-12 17:22:52 INFO  AuthenticationInterceptor:16 - [preHandle][SecurityContextHolderAwareRequestWrapper[ org.springframework.security.web.header.HeaderWriterFilter$HeaderWriterRequest@1046765b]][POST]/user/loginorg.apache.catalina.util.ParameterMap@37813e98
2023-05-12 17:22:52 INFO  JwtTokenUtil:20 - [Secret token]37fh2od8vnald983na3
2023-05-12 17:24:31 INFO  AuthenticationInterceptor:16 - [preHandle][SecurityContextHolderAwareRequestWrapper[ org.springframework.security.web.header.HeaderWriterFilter$HeaderWriterRequest@52b69b8c]][POST]/user/loginorg.apache.catalina.util.ParameterMap@1f827aa8
2023-05-12 17:24:31 INFO  JwtTokenUtil:20 - [Secret token]37fh2od8vnald983na3
2023-05-12 17:26:58 INFO  AuthenticationInterceptor:16 - [preHandle][SecurityContextHolderAwareRequestWrapper[ org.springframework.security.web.header.HeaderWriterFilter$HeaderWriterRequest@5d6b3f9c]][POST]/user/loginorg.apache.catalina.util.ParameterMap@1ff93ee5
2023-05-12 17:26:58 INFO  JwtTokenUtil:20 - [Secret token]37fh2od8vnald983na3
2023-05-12 17:29:28 INFO  AuthenticationInterceptor:16 - [preHandle][SecurityContextHolderAwareRequestWrapper[ org.springframework.security.web.header.HeaderWriterFilter$HeaderWriterRequest@5b5d66d8]][POST]/user/loginorg.apache.catalina.util.ParameterMap@6434923d
2023-05-12 17:29:29 INFO  JwtTokenUtil:20 - [Secret token]37fh2od8vnald983na3
